<?xml version="1.0" encoding="UTF-8"?>
<!-- Generated by org.testng.reporters.JUnitReportReporter -->
<testsuite hostname="LAPTOP-O15LHT5K" failures="0" tests="1" name="org.ash.tests.OrangeHrmLoginPage" time="3.213" errors="0" timestamp="2023-08-20T12:22:02 IST" skipped="0">
  <testcase classname="org.ash.tests.OrangeHrmLoginPage" name="loginPageTest" time="3.213"/>
  <system-out/>
</testsuite> <!-- org.ash.tests.OrangeHrmLoginPage -->
